<?xml version="1.0" encoding="UTF-8"?>
<!-- Generated by org.testng.reporters.JUnitXMLReporter -->
<testsuite ignored="0" hostname="DESKTOP-0I8PRRJ" failures="0" tests="5" name="Test" time="64.65" errors="0" timestamp="2023-03-28T15:55:57 IST">
  <testcase classname="ohrm.StaticBrowser" name="SelectBrowser" time="28.36"/>
  <testcase classname="ohrm.LoginTest" name="getstarted" time="5.702"/>
  <testcase classname="ohrm.LoginTest" name="LoginCase" time="5.193"/>
  <testcase classname="ohrm.LoginTest" name="Dashboard" time="20.137"/>
  <testcase classname="ohrm.LoginTest" name="LogoutCase" time="4.08"/>
</testsuite> <!-- Test -->
